# JRE version: Java(TM) SE Runtime Environment (8.0_40-b25) (build 1.8.0_40-b25)
# Java VM: Java HotSpot(TM) 64-Bit Server VM (25.40-b25 mixed mode windows-amd64 compressed oops)
Heap:
 PSYoungGen      total 24576K, used 18396K [0x00000000d5f00000, 0x00000000d7800000, 0x0000000100000000)
  eden space 24064K, 75% used [0x00000000d5f00000,0x00000000d70cf168,0x00000000d7680000)
  from space 512K, 31% used [0x00000000d7780000,0x00000000d77a8000,0x00000000d7800000)
  to   space 512K, 0% used [0x00000000d7700000,0x00000000d7700000,0x00000000d7780000)
 ParOldGen       total 87552K, used 9182K [0x0000000081c00000, 0x0000000087180000, 0x00000000d5f00000)
  object space 87552K, 10% used [0x0000000081c00000,0x00000000824f7b90,0x0000000087180000)
 Metaspace       used 16454K, capacity 16667K, committed 17024K, reserved 1064960K
  class space    used 2045K, capacity 2129K, committed 2176K, reserved 1048576K
GC Heap History (10 events):
Event: 685.518 GC heap before
{Heap before GC invocations=92 (full 0):
 PSYoungGen      total 24576K, used 24160K [0x00000000d5f00000, 0x00000000d7800000, 0x0000000100000000)
  eden space 24064K, 100% used [0x00000000d5f00000,0x00000000d7680000,0x00000000d7680000)
  from space 512K, 18% used [0x00000000d7700000,0x00000000d7718000,0x00000000d7780000)
  to   space 512K, 0% used [0x00000000d7780000,0x00000000d7780000,0x00000000d7800000)
 ParOldGen       total 87552K, used 9158K [0x0000000081c00000, 0x0000000087180000, 0x00000000d5f00000)
  object space 87552K, 10% used [0x0000000081c00000,0x00000000824f1b90,0x0000000087180000)
 Metaspace       used 16355K, capacity 16603K, committed 16768K, reserved 1064960K
  class space    used 2041K, capacity 2129K, committed 2176K, reserved 1048576K
Event: 685.520 GC heap after
Heap after GC invocations=92 (full 0):
 PSYoungGen      total 24576K, used 0K [0x00000000d5f00000, 0x00000000d7800000, 0x0000000100000000)
  eden space 24064K, 0% used [0x00000000d5f00000,0x00000000d5f00000,0x00000000d7680000)
  from space 512K, 0% used [0x00000000d7780000,0x00000000d7780000,0x00000000d7800000)
  to   space 512K, 0% used [0x00000000d7700000,0x00000000d7700000,0x00000000d7780000)
 ParOldGen       total 87552K, used 9158K [0x0000000081c00000, 0x0000000087180000, 0x00000000d5f00000)
  object space 87552K, 10% used [0x0000000081c00000,0x00000000824f1b90,0x0000000087180000)
 Metaspace       used 16355K, capacity 16603K, committed 16768K, reserved 1064960K
  class space    used 2041K, capacity 2129K, committed 2176K, reserved 1048576K
}
Event: 692.619 GC heap before
{Heap before GC invocations=93 (full 0):
 PSYoungGen      total 24576K, used 24064K [0x00000000d5f00000, 0x00000000d7800000, 0x0000000100000000)
  eden space 24064K, 100% used [0x00000000d5f00000,0x00000000d7680000,0x00000000d7680000)
  from space 512K, 0% used [0x00000000d7780000,0x00000000d7780000,0x00000000d7800000)
  to   space 512K, 0% used [0x00000000d7700000,0x00000000d7700000,0x00000000d7780000)
 ParOldGen       total 87552K, used 9158K [0x0000000081c00000, 0x0000000087180000, 0x00000000d5f00000)
  object space 87552K, 10% used [0x0000000081c00000,0x00000000824f1b90,0x0000000087180000)
 Metaspace       used 16355K, capacity 16603K, committed 16768K, reserved 1064960K
  class space    used 2041K, capacity 2129K, committed 2176K, reserved 1048576K
Event: 692.621 GC heap after
Heap after GC invocations=93 (full 0):
 PSYoungGen      total 24576K, used 96K [0x00000000d5f00000, 0x00000000d7800000, 0x0000000100000000)
  eden space 24064K, 0% used [0x00000000d5f00000,0x00000000d5f00000,0x00000000d7680000)
  from space 512K, 18% used [0x00000000d7700000,0x00000000d7718000,0x00000000d7780000)
  to   space 512K, 0% used [0x00000000d7780000,0x00000000d7780000,0x00000000d7800000)
 ParOldGen       total 87552K, used 9158K [0x0000000081c00000, 0x0000000087180000, 0x00000000d5f00000)
  object space 87552K, 10% used [0x0000000081c00000,0x00000000824f1b90,0x0000000087180000)
 Metaspace       used 16355K, capacity 16603K, committed 16768K, reserved 1064960K
  class space    used 2041K, capacity 2129K, committed 2176K, reserved 1048576K
}
Event: 699.736 GC heap before
{Heap before GC invocations=94 (full 0):
 PSYoungGen      total 24576K, used 24160K [0x00000000d5f00000, 0x00000000d7800000, 0x0000000100000000)
  eden space 24064K, 100% used [0x00000000d5f00000,0x00000000d7680000,0x00000000d7680000)
  from space 512K, 18% used [0x00000000d7700000,0x00000000d7718000,0x00000000d7780000)
  to   space 512K, 0% used [0x00000000d7780000,0x00000000d7780000,0x00000000d7800000)
 ParOldGen       total 87552K, used 9158K [0x0000000081c00000, 0x0000000087180000, 0x00000000d5f00000)
  object space 87552K, 10% used [0x0000000081c00000,0x00000000824f1b90,0x0000000087180000)
 Metaspace       used 16355K, capacity 16603K, committed 16768K, reserved 1064960K
  class space    used 2041K, capacity 2129K, committed 2176K, reserved 1048576K
Event: 699.738 GC heap after
Heap after GC invocations=94 (full 0):
 PSYoungGen      total 24576K, used 32K [0x00000000d5f00000, 0x00000000d7800000, 0x0000000100000000)
  eden space 24064K, 0% used [0x00000000d5f00000,0x00000000d5f00000,0x00000000d7680000)
  from space 512K, 6% used [0x00000000d7780000,0x00000000d7788000,0x00000000d7800000)
  to   space 512K, 0% used [0x00000000d7700000,0x00000000d7700000,0x00000000d7780000)
 ParOldGen       total 87552K, used 9158K [0x0000000081c00000, 0x0000000087180000, 0x00000000d5f00000)
  object space 87552K, 10% used [0x0000000081c00000,0x00000000824f1b90,0x0000000087180000)
 Metaspace       used 16355K, capacity 16603K, committed 16768K, reserved 1064960K
  class space    used 2041K, capacity 2129K, committed 2176K, reserved 1048576K
}
Event: 706.753 GC heap before
{Heap before GC invocations=95 (full 0):
 PSYoungGen      total 24576K, used 24096K [0x00000000d5f00000, 0x00000000d7800000, 0x0000000100000000)
  eden space 24064K, 100% used [0x00000000d5f00000,0x00000000d7680000,0x00000000d7680000)
  from space 512K, 6% used [0x00000000d7780000,0x00000000d7788000,0x00000000d7800000)
  to   space 512K, 0% used [0x00000000d7700000,0x00000000d7700000,0x00000000d7780000)
 ParOldGen       total 87552K, used 9158K [0x0000000081c00000, 0x0000000087180000, 0x00000000d5f00000)
  object space 87552K, 10% used [0x0000000081c00000,0x00000000824f1b90,0x0000000087180000)
 Metaspace       used 16393K, capacity 16603K, committed 16768K, reserved 1064960K
  class space    used 2041K, capacity 2129K, committed 2176K, reserved 1048576K
Event: 706.755 GC heap after
Heap after GC invocations=95 (full 0):
 PSYoungGen      total 24576K, used 128K [0x00000000d5f00000, 0x00000000d7800000, 0x0000000100000000)
  eden space 24064K, 0% used [0x00000000d5f00000,0x00000000d5f00000,0x00000000d7680000)
  from space 512K, 25% used [0x00000000d7700000,0x00000000d7720000,0x00000000d7780000)
  to   space 512K, 0% used [0x00000000d7780000,0x00000000d7780000,0x00000000d7800000)
 ParOldGen       total 87552K, used 9166K [0x0000000081c00000, 0x0000000087180000, 0x00000000d5f00000)
  object space 87552K, 10% used [0x0000000081c00000,0x00000000824f3b90,0x0000000087180000)
 Metaspace       used 16393K, capacity 16603K, committed 16768K, reserved 1064960K
  class space    used 2041K, capacity 2129K, committed 2176K, reserved 1048576K
}
Event: 713.552 GC heap before
{Heap before GC invocations=96 (full 0):
 PSYoungGen      total 24576K, used 24192K [0x00000000d5f00000, 0x00000000d7800000, 0x0000000100000000)
  eden space 24064K, 100% used [0x00000000d5f00000,0x00000000d7680000,0x00000000d7680000)
  from space 512K, 25% used [0x00000000d7700000,0x00000000d7720000,0x00000000d7780000)
  to   space 512K, 0% used [0x00000000d7780000,0x00000000d7780000,0x00000000d7800000)
 ParOldGen       total 87552K, used 9166K [0x0000000081c00000, 0x0000000087180000, 0x00000000d5f00000)
  object space 87552K, 10% used [0x0000000081c00000,0x00000000824f3b90,0x0000000087180000)
 Metaspace       used 16443K, capacity 16667K, committed 17024K, reserved 1064960K
  class space    used 2045K, capacity 2129K, committed 2176K, reserved 1048576K
Event: 713.554 GC heap after
Heap after GC invocations=96 (full 0):
 PSYoungGen      total 24576K, used 160K [0x00000000d5f00000, 0x00000000d7800000, 0x0000000100000000)
  eden space 24064K, 0% used [0x00000000d5f00000,0x00000000d5f00000,0x00000000d7680000)
  from space 512K, 31% used [0x00000000d7780000,0x00000000d77a8000,0x00000000d7800000)
  to   space 512K, 0% used [0x00000000d7700000,0x00000000d7700000,0x00000000d7780000)
 ParOldGen       total 87552K, used 9182K [0x0000000081c00000, 0x0000000087180000, 0x00000000d5f00000)
  object space 87552K, 10% used [0x0000000081c00000,0x00000000824f7b90,0x0000000087180000)
 Metaspace       used 16443K, capacity 16667K, committed 17024K, reserved 1064960K
  class space    used 2045K, capacity 2129K, committed 2176K, reserved 1048576K
}

