# JRE version: Java(TM) SE Runtime Environment (8.0_40-b25) (build 1.8.0_40-b25)
# Java VM: Java HotSpot(TM) 64-Bit Server VM (25.40-b25 mixed mode windows-amd64 compressed oops)
Heap:
 PSYoungGen      total 24576K, used 19713K [0x00000000d5f00000, 0x00000000d8080000, 0x0000000100000000)
  eden space 24064K, 81% used [0x00000000d5f00000,0x00000000d7218420,0x00000000d7680000)
  from space 512K, 31% used [0x00000000d7680000,0x00000000d76a8000,0x00000000d7700000)
  to   space 5120K, 0% used [0x00000000d7b80000,0x00000000d7b80000,0x00000000d8080000)
 ParOldGen       total 87552K, used 9045K [0x0000000081c00000, 0x0000000087180000, 0x00000000d5f00000)
  object space 87552K, 10% used [0x0000000081c00000,0x00000000824d54c8,0x0000000087180000)
 Metaspace       used 18040K, capacity 18329K, committed 18688K, reserved 1064960K
  class space    used 2129K, capacity 2228K, committed 2304K, reserved 1048576K
GC Heap History (10 events):
Event: 209.155 GC heap before
{Heap before GC invocations=21 (full 0):
 PSYoungGen      total 30720K, used 25216K [0x00000000d5f00000, 0x00000000d8480000, 0x0000000100000000)
  eden space 25088K, 100% used [0x00000000d5f00000,0x00000000d7780000,0x00000000d7780000)
  from space 5632K, 2% used [0x00000000d7f00000,0x00000000d7f20000,0x00000000d8480000)
  to   space 6656K, 0% used [0x00000000d7780000,0x00000000d7780000,0x00000000d7e00000)
 ParOldGen       total 87552K, used 8989K [0x0000000081c00000, 0x0000000087180000, 0x00000000d5f00000)
  object space 87552K, 10% used [0x0000000081c00000,0x00000000824c74c8,0x0000000087180000)
 Metaspace       used 17809K, capacity 18067K, committed 18432K, reserved 1064960K
  class space    used 2122K, capacity 2227K, committed 2304K, reserved 1048576K
Event: 209.157 GC heap after
Heap after GC invocations=21 (full 0):
 PSYoungGen      total 25088K, used 96K [0x00000000d5f00000, 0x00000000d8400000, 0x0000000100000000)
  eden space 24576K, 0% used [0x00000000d5f00000,0x00000000d5f00000,0x00000000d7700000)
  from space 512K, 18% used [0x00000000d7780000,0x00000000d7798000,0x00000000d7800000)
  to   space 6656K, 0% used [0x00000000d7d80000,0x00000000d7d80000,0x00000000d8400000)
 ParOldGen       total 87552K, used 8989K [0x0000000081c00000, 0x0000000087180000, 0x00000000d5f00000)
  object space 87552K, 10% used [0x0000000081c00000,0x00000000824c74c8,0x0000000087180000)
 Metaspace       used 17809K, capacity 18067K, committed 18432K, reserved 1064960K
  class space    used 2122K, capacity 2227K, committed 2304K, reserved 1048576K
}
Event: 218.723 GC heap before
{Heap before GC invocations=22 (full 0):
 PSYoungGen      total 25088K, used 24672K [0x00000000d5f00000, 0x00000000d8400000, 0x0000000100000000)
  eden space 24576K, 100% used [0x00000000d5f00000,0x00000000d7700000,0x00000000d7700000)
  from space 512K, 18% used [0x00000000d7780000,0x00000000d7798000,0x00000000d7800000)
  to   space 6656K, 0% used [0x00000000d7d80000,0x00000000d7d80000,0x00000000d8400000)
 ParOldGen       total 87552K, used 8989K [0x0000000081c00000, 0x0000000087180000, 0x00000000d5f00000)
  object space 87552K, 10% used [0x0000000081c00000,0x00000000824c74c8,0x0000000087180000)
 Metaspace       used 17809K, capacity 18067K, committed 18432K, reserved 1064960K
  class space    used 2122K, capacity 2227K, committed 2304K, reserved 1048576K
Event: 218.724 GC heap after
Heap after GC invocations=22 (full 0):
 PSYoungGen      total 29184K, used 128K [0x00000000d5f00000, 0x00000000d8280000, 0x0000000100000000)
  eden space 24064K, 0% used [0x00000000d5f00000,0x00000000d5f00000,0x00000000d7680000)
  from space 5120K, 2% used [0x00000000d7d80000,0x00000000d7da0000,0x00000000d8280000)
  to   space 6144K, 0% used [0x00000000d7680000,0x00000000d7680000,0x00000000d7c80000)
 ParOldGen       total 87552K, used 8989K [0x0000000081c00000, 0x0000000087180000, 0x00000000d5f00000)
  object space 87552K, 10% used [0x0000000081c00000,0x00000000824c74c8,0x0000000087180000)
 Metaspace       used 17809K, capacity 18067K, committed 18432K, reserved 1064960K
  class space    used 2122K, capacity 2227K, committed 2304K, reserved 1048576K
}
Event: 230.889 GC heap before
{Heap before GC invocations=23 (full 0):
 PSYoungGen      total 29184K, used 24192K [0x00000000d5f00000, 0x00000000d8280000, 0x0000000100000000)
  eden space 24064K, 100% used [0x00000000d5f00000,0x00000000d7680000,0x00000000d7680000)
  from space 5120K, 2% used [0x00000000d7d80000,0x00000000d7da0000,0x00000000d8280000)
  to   space 6144K, 0% used [0x00000000d7680000,0x00000000d7680000,0x00000000d7c80000)
 ParOldGen       total 87552K, used 8989K [0x0000000081c00000, 0x0000000087180000, 0x00000000d5f00000)
  object space 87552K, 10% used [0x0000000081c00000,0x00000000824c74c8,0x0000000087180000)
 Metaspace       used 17838K, capacity 18067K, committed 18432K, reserved 1064960K
  class space    used 2123K, capacity 2227K, committed 2304K, reserved 1048576K
Event: 230.891 GC heap after
Heap after GC invocations=23 (full 0):
 PSYoungGen      total 30208K, used 96K [0x00000000d5f00000, 0x00000000d8280000, 0x0000000100000000)
  eden space 24064K, 0% used [0x00000000d5f00000,0x00000000d5f00000,0x00000000d7680000)
  from space 6144K, 1% used [0x00000000d7680000,0x00000000d7698000,0x00000000d7c80000)
  to   space 6144K, 0% used [0x00000000d7c80000,0x00000000d7c80000,0x00000000d8280000)
 ParOldGen       total 87552K, used 9005K [0x0000000081c00000, 0x0000000087180000, 0x00000000d5f00000)
  object space 87552K, 10% used [0x0000000081c00000,0x00000000824cb4c8,0x0000000087180000)
 Metaspace       used 17838K, capacity 18067K, committed 18432K, reserved 1064960K
  class space    used 2123K, capacity 2227K, committed 2304K, reserved 1048576K
}
Event: 235.674 GC heap before
{Heap before GC invocations=24 (full 0):
 PSYoungGen      total 30208K, used 24160K [0x00000000d5f00000, 0x00000000d8280000, 0x0000000100000000)
  eden space 24064K, 100% used [0x00000000d5f00000,0x00000000d7680000,0x00000000d7680000)
  from space 6144K, 1% used [0x00000000d7680000,0x00000000d7698000,0x00000000d7c80000)
  to   space 6144K, 0% used [0x00000000d7c80000,0x00000000d7c80000,0x00000000d8280000)
 ParOldGen       total 87552K, used 9005K [0x0000000081c00000, 0x0000000087180000, 0x00000000d5f00000)
  object space 87552K, 10% used [0x0000000081c00000,0x00000000824cb4c8,0x0000000087180000)
 Metaspace       used 17861K, capacity 18067K, committed 18432K, reserved 1064960K
  class space    used 2128K, capacity 2227K, committed 2304K, reserved 1048576K
Event: 235.676 GC heap after
Heap after GC invocations=24 (full 0):
 PSYoungGen      total 29184K, used 160K [0x00000000d5f00000, 0x00000000d8180000, 0x0000000100000000)
  eden space 24064K, 0% used [0x00000000d5f00000,0x00000000d5f00000,0x00000000d7680000)
  from space 5120K, 3% used [0x00000000d7c80000,0x00000000d7ca8000,0x00000000d8180000)
  to   space 5632K, 0% used [0x00000000d7680000,0x00000000d7680000,0x00000000d7c00000)
 ParOldGen       total 87552K, used 9021K [0x0000000081c00000, 0x0000000087180000, 0x00000000d5f00000)
  object space 87552K, 10% used [0x0000000081c00000,0x00000000824cf4c8,0x0000000087180000)
 Metaspace       used 17861K, capacity 18067K, committed 18432K, reserved 1064960K
  class space    used 2128K, capacity 2227K, committed 2304K, reserved 1048576K
}
Event: 238.473 GC heap before
{Heap before GC invocations=25 (full 0):
 PSYoungGen      total 29184K, used 24224K [0x00000000d5f00000, 0x00000000d8180000, 0x0000000100000000)
  eden space 24064K, 100% used [0x00000000d5f00000,0x00000000d7680000,0x00000000d7680000)
  from space 5120K, 3% used [0x00000000d7c80000,0x00000000d7ca8000,0x00000000d8180000)
  to   space 5632K, 0% used [0x00000000d7680000,0x00000000d7680000,0x00000000d7c00000)
 ParOldGen       total 87552K, used 9021K [0x0000000081c00000, 0x0000000087180000, 0x00000000d5f00000)
  object space 87552K, 10% used [0x0000000081c00000,0x00000000824cf4c8,0x0000000087180000)
 Metaspace       used 17863K, capacity 18067K, committed 18432K, reserved 1064960K
  class space    used 2129K, capacity 2227K, committed 2304K, reserved 1048576K
Event: 238.475 GC heap after
Heap after GC invocations=25 (full 0):
 PSYoungGen      total 24576K, used 160K [0x00000000d5f00000, 0x00000000d8080000, 0x0000000100000000)
  eden space 24064K, 0% used [0x00000000d5f00000,0x00000000d5f00000,0x00000000d7680000)
  from space 512K, 31% used [0x00000000d7680000,0x00000000d76a8000,0x00000000d7700000)
  to   space 5120K, 0% used [0x00000000d7b80000,0x00000000d7b80000,0x00000000d8080000)
 ParOldGen       total 87552K, used 9045K [0x0000000081c00000, 0x0000000087180000, 0x00000000d5f00000)
  object space 87552K, 10% used [0x0000000081c00000,0x00000000824d54c8,0x0000000087180000)
 Metaspace       used 17863K, capacity 18067K, committed 18432K, reserved 1064960K
  class space    used 2129K, capacity 2227K, committed 2304K, reserved 1048576K
}

